<?xml version="1.0" encoding="UTF-8"?>
<testsuite xmlns:xsi="http://www.w3.org/2001/XMLSchema-instance" xsi:noNamespaceSchemaLocation="https://maven.apache.org/surefire/maven-surefire-plugin/xsd/surefire-test-report.xsd" version="3.0.2" name="com.accioneselbosque.auth.repository.InvestorRepositoryTest" time="2.088" tests="5" errors="0" skipped="0" failures="0" flakes="0">
  <properties>
[...]
</properties>
  <testcase name="findByEmail_returnsEmptyWhenNotExists" classname="com.accioneselbosque.auth.repository.InvestorRepositoryTest" time="0.368">
    <system-out><![CDATA[2026-05-12T23:22:22.349-05:00  INFO 42932 --- [           main] t.c.s.AnnotationConfigContextLoaderUtils : Could not detect default configuration classes for test class [com.accioneselbosque.auth.repository.InvestorRepositoryTest]: InvestorRepositoryTest does not declare any static, non-private, non-final, nested classes annotated with @Configuration.
2026-05-12T23:22:22.366-05:00  INFO 42932 --- [           main] .b.t.c.SpringBootTestContextBootstrapper : Found @SpringBootConfiguration com.accioneselbosque.auth.TestAuthApplication for test class com.accioneselbosque.auth.repository.InvestorRepositoryTest
2026-05-12T23:22:22.367-05:00  INFO 42932 --- [           main] t.c.s.AnnotationConfigContextLoaderUtils : Could not detect default configuration classes for test class [com.accioneselbosque.auth.repository.InvestorRepositoryTest]: InvestorRepositoryTest does not declare any static, non-private, non-final, nested classes annotated with @Configuration.
2026-05-12T23:22:22.374-05:00  INFO 42932 --- [           main] .b.t.c.SpringBootTestContextBootstrapper : Found @SpringBootConfiguration com.accioneselbosque.auth.TestAuthApplication for test class com.accioneselbosque.auth.repository.InvestorRepositoryTest

  .   ____          _            __ _ _
 /\\ / ___'_ __ _ _(_)_ __  __ _ \ \ \ \
( ( )\___ | '_ | '_| | '_ \/ _` | \ \ \ \
 \\/  ___)| |_)| | | | | || (_| |  ) ) ) )
  '  |____| .__|_| |_|_| |_\__, | / / / /
 =========|_|==============|___/=/_/_/_/

 :: Spring Boot ::                (v4.0.6)

2026-05-12T23:22:22.398-05:00  INFO 42932 --- [           main] c.a.a.repository.InvestorRepositoryTest  : Starting InvestorRepositoryTest using Java 21.0.6 with PID 42932 (started by Usuario in D:\Acciones-ElBosque\backend\auth)
2026-05-12T23:22:22.398-05:00  INFO 42932 --- [           main] c.a.a.repository.InvestorRepositoryTest  : No active profile set, falling back to 1 default profile: "default"
2026-05-12T23:22:22.516-05:00  INFO 42932 --- [           main] .s.d.r.c.RepositoryConfigurationDelegate : Bootstrapping Spring Data JPA repositories in DEFAULT mode.
2026-05-12T23:22:22.557-05:00  INFO 42932 --- [           main] .s.d.r.c.RepositoryConfigurationDelegate : Finished Spring Data repository scanning in 33 ms. Found 4 JPA repository interfaces.
2026-05-12T23:22:22.586-05:00  INFO 42932 --- [           main] beddedDataSourceBeanFactoryPostProcessor : Replacing 'dataSource' DataSource bean with embedded version
2026-05-12T23:22:22.614-05:00  INFO 42932 --- [           main] o.s.j.d.e.EmbeddedDatabaseFactory        : Starting embedded database: url='jdbc:h2:mem:29bd4c60-22b3-4abf-a163-6ccdfc5ca617;DB_CLOSE_DELAY=-1;DB_CLOSE_ON_EXIT=false', username='sa'
2026-05-12T23:22:22.815-05:00  INFO 42932 --- [           main] org.hibernate.orm.jpa                    : HHH008540: Processing PersistenceUnitInfo [name: default]
2026-05-12T23:22:22.863-05:00  INFO 42932 --- [           main] org.hibernate.orm.core                   : HHH000001: Hibernate ORM core version 7.2.12.Final
2026-05-12T23:22:23.104-05:00  INFO 42932 --- [           main] o.s.o.j.p.SpringPersistenceUnitInfo      : No LoadTimeWeaver setup: ignoring JPA class transformer
2026-05-12T23:22:23.169-05:00  INFO 42932 --- [           main] org.hibernate.orm.connections.pooling    : HHH10001005: Database info:
	Database JDBC URL [jdbc:h2:mem:29bd4c60-22b3-4abf-a163-6ccdfc5ca617]
	Database driver: H2 JDBC Driver
	Database dialect: H2Dialect
	Database version: 2.4.240
	Default catalog/schema: 29BD4C60-22B3-4ABF-A163-6CCDFC5CA617/PUBLIC
	Autocommit mode: undefined/unknown
	Isolation level: READ_COMMITTED [default READ_COMMITTED]
	JDBC fetch size: 100
	Pool: DataSourceConnectionProvider
	Minimum pool size: undefined/unknown
	Maximum pool size: undefined/unknown
2026-05-12T23:22:23.717-05:00  INFO 42932 --- [           main] org.hibernate.orm.core                   : HHH000489: No JTA platform available (set 'hibernate.transaction.jta.platform' to enable JTA platform integration)
Hibernate: drop table if exists investor cascade 
Hibernate: drop table if exists investor_preferences cascade 
Hibernate: drop table if exists profile_change_log cascade 
Hibernate: drop table if exists verification_token cascade 
Hibernate: create table investor (created_at timestamp(6) not null, id bigint generated by default as identity, subscription_expires_at timestamp(6), updated_at timestamp(6) not null, document_number varchar(10) not null unique, phone varchar(25), password_hash varchar(60) not null, full_name varchar(150) not null, email varchar(255) not null unique, account_status enum ('ACTIVE','INACTIVE','PENDING') not null, subscription_type enum ('PREMIUM','STANDARD') not null, primary key (id))
Hibernate: create table investor_preferences (investor_id bigint not null unique, updated_at timestamp(6), id uuid not null, language enum ('en','es') not null, notif_channel enum ('EMAIL','NONE','SMS') not null, primary key (id))
Hibernate: create table profile_change_log (changed_at timestamp(6) not null, investor_id bigint not null, id uuid not null, field_name varchar(100) not null, new_value varchar(255), old_value varchar(255), primary key (id))
Hibernate: create table verification_token (used boolean not null, created_at timestamp(6) not null, expires_at timestamp(6) not null, id bigint generated by default as identity, investor_id bigint not null, token varchar(36) not null unique, primary key (id))
Hibernate: alter table if exists investor_preferences add constraint FKi5fyvkfu1vdyqe1qeklcmhlk foreign key (investor_id) references investor
Hibernate: alter table if exists verification_token add constraint FKjuu4tp96w631spy0bdg148ova foreign key (investor_id) references investor
2026-05-12T23:22:23.756-05:00  INFO 42932 --- [           main] j.LocalContainerEntityManagerFactoryBean : Initialized JPA EntityManagerFactory for persistence unit 'default'
2026-05-12T23:22:23.823-05:00  INFO 42932 --- [           main] o.s.d.j.r.query.QueryEnhancerFactories   : Hibernate is in classpath; If applicable, HQL parser will be used.
2026-05-12T23:22:23.981-05:00  INFO 42932 --- [           main] c.a.a.repository.InvestorRepositoryTest  : Started InvestorRepositoryTest in 1.603 seconds (process running for 5.635)
Hibernate: select i1_0.id,i1_0.account_status,i1_0.created_at,i1_0.document_number,i1_0.email,i1_0.full_name,i1_0.password_hash,i1_0.phone,i1_0.subscription_expires_at,i1_0.subscription_type,i1_0.updated_at from investor i1_0 where i1_0.email=?
]]></system-out>
  </testcase>
  <testcase name="existsByEmail_returnsFalseWhenNotExists" classname="com.accioneselbosque.auth.repository.InvestorRepositoryTest" time="0.012">
    <system-out><![CDATA[Hibernate: select i1_0.id from investor i1_0 where i1_0.email=? fetch first ? rows only
]]></system-out>
  </testcase>
  <testcase name="existsByDocumentNumber_returnsTrueWhenExists" classname="com.accioneselbosque.auth.repository.InvestorRepositoryTest" time="0.048">
    <system-out><![CDATA[Hibernate: insert into investor (account_status,created_at,document_number,email,full_name,password_hash,phone,subscription_expires_at,subscription_type,updated_at,id) values (?,?,?,?,?,?,?,?,?,?,default)
Hibernate: select i1_0.id from investor i1_0 where i1_0.document_number=? fetch first ? rows only
]]></system-out>
  </testcase>
  <testcase name="findByEmail_returnsInvestorWhenExists" classname="com.accioneselbosque.auth.repository.InvestorRepositoryTest" time="0.013">
    <system-out><![CDATA[Hibernate: insert into investor (account_status,created_at,document_number,email,full_name,password_hash,phone,subscription_expires_at,subscription_type,updated_at,id) values (?,?,?,?,?,?,?,?,?,?,default)
Hibernate: select i1_0.id,i1_0.account_status,i1_0.created_at,i1_0.document_number,i1_0.email,i1_0.full_name,i1_0.password_hash,i1_0.phone,i1_0.subscription_expires_at,i1_0.subscription_type,i1_0.updated_at from investor i1_0 where i1_0.email=?
]]></system-out>
  </testcase>
  <testcase name="existsByEmail_returnsTrueWhenExists" classname="com.accioneselbosque.auth.repository.InvestorRepositoryTest" time="0.006">
    <system-out><![CDATA[Hibernate: insert into investor (account_status,created_at,document_number,email,full_name,password_hash,phone,subscription_expires_at,subscription_type,updated_at,id) values (?,?,?,?,?,?,?,?,?,?,default)
Hibernate: select i1_0.id from investor i1_0 where i1_0.email=? fetch first ? rows only
]]></system-out>
  </testcase>
</testsuite>